2021-05-15 16:59:16.109 [main] INFO . - user input: C:\Program Files\Huawei\DevEco Studio 2.1.0.303\tools\openjdk\bin\java,-j,-source,@C:/Users/QIXQI/Desktop/ruobai/DevEco-workspace/pan.qixqi.cn-harmonyos/.idea/code-check/java/detect.txt,-output,C:/Users/QIXQI/Desktop/ruobai/DevEco-workspace/pan.qixqi.cn-harmonyos/.idea/code-check/java/output.xml
2021-05-15 16:59:16.113 [main] INFO . - CodeMars Version:2.1.2.sp4
2021-05-15 16:59:16.257 [main] INFO . - starting analyzing.
2021-05-15 16:59:16.293 [main] INFO . - start collecting report.
2021-05-15 16:59:16.303 [CodeMars1] INFO . - Command: "C:\Program Files\Huawei\DevEco Studio 2.1.0.303\plugins\codecheck\lib\CodeMars\engines\SecFinder-J\bin\run_SecFinder-J.bat",-filelist,C:\Users\QIXQI\Desktop\ruobai\DevEco-workspace\pan.qixqi.cn-harmonyos\.idea\code-check\java\filelist_2021_05_15_16_59_16_294_44.txt,-f,xml,-default,-progress,-r,C:\Users\QIXQI\Desktop\ruobai\DevEco-workspace\pan.qixqi.cn-harmonyos\.idea\code-check\java\\errorreport_2021_05_15_16_59_15_795_18.xml,-ruleclasspath,file:///C:\Users\QIXQI\Desktop\ruobai\DevEco-workspace\pan.qixqi.cn-harmonyos\.idea\code-check\java\ruleclasspath.txt
2021-05-15 16:59:16.769 [Thread-2] INFO . - 五月 15, 2021 4:59:16 下午 com.huawei.secfinderj.SecFinderJ needScan
2021-05-15 16:59:16.770 [Thread-2] INFO . - 信息: SecFinder-J Version: 2.1.3
2021-05-15 16:59:17.157 [Thread-1] INFO . - 2021-05-15 16:59:16.976: SecFinder-J Output: Inspect start...
2021-05-15 16:59:17.462 [Thread-1] INFO . - 2021-05-15 16:59:17.461: SecFinder-J Output: Load checkers...
2021-05-15 16:59:18.105 [Thread-1] INFO . - 2021-05-15 16:59:18.105: SecFinder-J Output: Load config...
2021-05-15 16:59:18.278 [Thread-1] INFO . - 2021-05-15 16:59:18.277: SecFinder-J Output: step 1/4: Find files
2021-05-15 16:59:18.409 [Thread-1] INFO . - 2021-05-15 16:59:18.409: SecFinder-J Output: step 2/4: Process files
2021-05-15 16:59:18.547 [Thread-1] INFO . - 2021-05-15 16:59:18.547: SecFinder-J Output: step 3/4: Run analysis...
2021-05-15 16:59:18.556 [Thread-1] INFO . - 2021-05-15 16:59:18.556: SecFinder-J Output: [SecFinder-J--Thread--2] - during processing of [ResourceTable.java]
2021-05-15 16:59:18.557 [Thread-1] INFO . - 2021-05-15 16:59:18.556: SecFinder-J Output: [SecFinder-J--Thread--3] - during processing of [MainAbility.java]
2021-05-15 16:59:18.560 [Thread-1] INFO . - 2021-05-15 16:59:18.556: SecFinder-J Output: [SecFinder-J--Thread--1] - during processing of [BuildConfig.java]
2021-05-15 16:59:18.580 [Thread-1] INFO . - 2021-05-15 16:59:18.579: SecFinder-J Output: [SecFinder-J--Thread--4] - during processing of [MyApplication.java]
2021-05-15 16:59:20.497 [Thread-1] INFO . - 2021-05-15 16:59:20.496: SecFinder-J Output: [SecFinder-J--Thread--1] - during processing of [MainAbilitySlice.java]
2021-05-15 16:59:20.583 [Thread-1] INFO . - 2021-05-15 16:59:20.579: SecFinder-J Output: [SecFinder-J--Thread--3] - during processing of [ExampleOhosTest.java]
2021-05-15 16:59:21.237 [Thread-1] INFO . - 2021-05-15 16:59:21.237: SecFinder-J Output: step 4/4: Result output...
2021-05-15 16:59:21.238 [Thread-1] INFO . - 2021-05-15 16:59:21.237: SecFinder-J Output: Inspect finish...
2021-05-15 16:59:21.238 [Thread-1] INFO . - Analysis result:
2021-05-15 16:59:21.238 [Thread-1] INFO . -     files analyzed      : 6
2021-05-15 16:59:21.238 [Thread-1] INFO . -     lines analyzed      : 97
2021-05-15 16:59:21.238 [Thread-1] INFO . -     rules used          : 59
2021-05-15 16:59:21.238 [Thread-1] INFO . -     issues detected     : 0
2021-05-15 16:59:21.238 [Thread-1] INFO . -     time cost(sec)      : 4
2021-05-15 16:59:21.239 [Thread-1] INFO . - 
2021-05-15 16:59:21.239 [Thread-2] INFO . - 五月 15, 2021 4:59:21 下午 com.huawei.secfinderj.override.HwPmd end
2021-05-15 16:59:21.239 [Thread-2] INFO . - 信息: SecFinder-J run successed!
2021-05-15 16:59:21.333 [CodeMars1] INFO . - start parse errorreport xml
2021-05-15 16:59:21.347 [CodeMars1] INFO . - parse xml time : 40
2021-05-15 16:59:21.348 [CodeMars1] INFO . - end parse errorreport xml
2021-05-15 16:59:21.357 [main] INFO . - end collecting report.
2021-05-15 16:59:21.358 [main] INFO . - end analyzing.
